This is pdfTeX, Version 3.14159265-2.6-1.40.18 (TeX Live 2017/Debian) (preloaded format=pdflatex 2022.2.23)  1 MAR 2022 15:18
entering extended mode
 restricted \write18 enabled.
 file:line:error style messages enabled.
 %&-line parsing enabled.
**/media/francesca/DATA/Report/thesis.tex
(/media/francesca/DATA/Report/thesis.tex
LaTeX2e <2017-04-15>
Babel <3.18> and hyphenation patterns for 3 language(s) loaded.
(/usr/share/texlive/texmf-dist/tex/latex/koma-script/scrbook.cls
Document Class: scrbook 2017/09/07 v3.24 KOMA-Script document class (book)
(/usr/share/texlive/texmf-dist/tex/latex/koma-script/scrkbase.sty
Package: scrkbase 2017/09/07 v3.24 KOMA-Script package (KOMA-Script-dependent basics and keyval usage)
 (/usr/share/texlive/texmf-dist/tex/latex/koma-script/scrbase.sty
Package: scrbase 2017/09/07 v3.24 KOMA-Script package (KOMA-Script-independent basics and keyval usage)
 (/usr/share/texlive/texmf-dist/tex/latex/graphics/keyval.sty
Package: keyval 2014/10/28 v1.15 key=value parser (DPC)
\KV@toks@=\toks14
) (/usr/share/texlive/texmf-dist/tex/latex/koma-script/scrlfile.sty
Package: scrlfile 2017/09/07 v3.24 KOMA-Script package (loading files)
))) (/usr/share/texlive/texmf-dist/tex/latex/koma-script/tocbasic.sty
Package: tocbasic 2017/09/07 v3.24 KOMA-Script package (handling toc-files)
\scr@dte@tocline@numberwidth=\skip41
\scr@dte@tocline@numbox=\box26
)
Package tocbasic Info: omitting babel extension for `toc'
(tocbasic)             because of feature `nobabel' available
(tocbasic)             for `toc' on input line 135.
Package tocbasic Info: omitting babel extension for `lof'
(tocbasic)             because of feature `nobabel' available
(tocbasic)             for `lof' on input line 137.
Package tocbasic Info: omitting babel extension for `lot'
(tocbasic)             because of feature `nobabel' available
(tocbasic)             for `lot' on input line 138.
Package tocbasic Info: defining new hook before heading of `' on input line 1623.
Package scrbook Info: You've used standard option `12pt'.
(scrbook)             This is correct!
(scrbook)             Internally I'm using `fontsize=12pt'.
(scrbook)             If you'd like to set the option with \KOMAoptions,
(scrbook)             you'd have to use `fontsize=12pt' there
(scrbook)             instead of `12pt', too.
Class scrbook Info: File `scrsize12pt.clo' used to setup font sizes on input line 2296.
 (/usr/share/texlive/texmf-dist/tex/latex/koma-script/scrsize12pt.clo
File: scrsize12pt.clo 2017/09/07 v3.24 KOMA-Script font size class option (12pt)
) (/usr/share/texlive/texmf-dist/tex/latex/koma-script/typearea.sty
Package: typearea 2017/09/07 v3.24 KOMA-Script package (type area)
\ta@bcor=\skip42
\ta@div=\count79
Package typearea Info: You've used standard option `a4paper'.
(typearea)             This is correct!
(typearea)             Internally I'm using `paper=a4'.
(typearea)             If you'd like to set the option with \KOMAoptions,
(typearea)             you'd have to use `paper=a4' there
(typearea)             instead of `a4paper', too.
\ta@hblk=\skip43
\ta@vblk=\skip44
\ta@temp=\skip45
\footheight=\skip46
Package typearea Info: These are the values describing the layout:
(typearea)             DIV  = 12
(typearea)             BCOR = 0.0pt
(typearea)             \paperwidth      = 597.50793pt
(typearea)              \textwidth      = 448.13095pt
(typearea)              DIV departure   = -6%
(typearea)              \evensidemargin = 27.31467pt
(typearea)              \oddsidemargin  = -22.47766pt
(typearea)             \paperheight     = 845.04694pt
(typearea)              \textheight     = 635.5pt
(typearea)              \topmargin      = -41.72441pt
(typearea)              \headheight     = 18.125pt
(typearea)              \headsep        = 21.75pt
(typearea)              \topskip        = 12.0pt
(typearea)              \footskip       = 50.75pt
(typearea)              \baselineskip   = 14.5pt
(typearea)              on input line 1686.
)
\c@part=\count80
\c@chapter=\count81
\c@section=\count82
\c@subsection=\count83
\c@subsubsection=\count84
\c@paragraph=\count85
\c@subparagraph=\count86
\scr@dte@part@maxnumwidth=\skip47
\scr@dte@chapter@maxnumwidth=\skip48
\scr@dte@section@maxnumwidth=\skip49
\scr@dte@subsection@maxnumwidth=\skip50
\scr@dte@subsubsection@maxnumwidth=\skip51
\scr@dte@paragraph@maxnumwidth=\skip52
\scr@dte@subparagraph@maxnumwidth=\skip53
LaTeX Info: Redefining \textsubscript on input line 4966.
\abovecaptionskip=\skip54
\belowcaptionskip=\skip55
\c@pti@nb@sid@b@x=\box27
\c@figure=\count87
\c@table=\count88
Class scrbook Info: Redefining `\numberline' on input line 6142.
\bibindent=\dimen102
) (/usr/share/texlive/texmf-dist/tex/latex/amsmath/amsmath.sty
Package: amsmath 2017/09/02 v2.17a AMS math features
\@mathmargin=\skip56

For additional information on amsmath, use the `?' option.
(/usr/share/texlive/texmf-dist/tex/latex/amsmath/amstext.sty
Package: amstext 2000/06/29 v2.01 AMS text
 (/usr/share/texlive/texmf-dist/tex/latex/amsmath/amsgen.sty
File: amsgen.sty 1999/11/30 v2.0 generic functions
\@emptytoks=\toks15
\ex@=\dimen103
)) (/usr/share/texlive/texmf-dist/tex/latex/amsmath/amsbsy.sty
Package: amsbsy 1999/11/29 v1.2d Bold Symbols
\pmbraise@=\dimen104
) (/usr/share/texlive/texmf-dist/tex/latex/amsmath/amsopn.sty
Package: amsopn 2016/03/08 v2.02 operator names
)
\inf@bad=\count89
LaTeX Info: Redefining \frac on input line 213.
\uproot@=\count90
\leftroot@=\count91
LaTeX Info: Redefining \overline on input line 375.
\classnum@=\count92
\DOTSCASE@=\count93
LaTeX Info: Redefining \ldots on input line 472.
LaTeX Info: Redefining \dots on input line 475.
LaTeX Info: Redefining \cdots on input line 596.
\Mathstrutbox@=\box28
\strutbox@=\box29
\big@size=\dimen105
LaTeX Font Info:    Redeclaring font encoding OML on input line 712.
LaTeX Font Info:    Redeclaring font encoding OMS on input line 713.
\macc@depth=\count94
\c@MaxMatrixCols=\count95
\dotsspace@=\muskip10
\c@parentequation=\count96
\dspbrk@lvl=\count97
\tag@help=\toks16
\row@=\count98
\column@=\count99
\maxfields@=\count100
\andhelp@=\toks17
\eqnshift@=\dimen106
\alignsep@=\dimen107
\tagshift@=\dimen108
\tagwidth@=\dimen109
\totwidth@=\dimen110
\lineht@=\dimen111
\@envbody=\toks18
\multlinegap=\skip57
\multlinetaggap=\skip58
\mathdisplay@stack=\toks19
LaTeX Info: Redefining \[ on input line 2817.
LaTeX Info: Redefining \] on input line 2818.
) (/usr/share/texlive/texmf-dist/tex/latex/amsfonts/amssymb.sty
Package: amssymb 2013/01/14 v3.01 AMS font symbols
 (/usr/share/texlive/texmf-dist/tex/latex/amsfonts/amsfonts.sty
Package: amsfonts 2013/01/14 v3.01 Basic AMSFonts support
\symAMSa=\mathgroup4
\symAMSb=\mathgroup5
LaTeX Font Info:    Overwriting math alphabet `\mathfrak' in version `bold'
(Font)                  U/euf/m/n --> U/euf/b/n on input line 106.
)) (/usr/share/texlive/texmf-dist/tex/latex/amscls/amsthm.sty
Package: amsthm 2017/10/31 v2.20.4
\thm@style=\toks20
\thm@bodyfont=\toks21
\thm@headfont=\toks22
\thm@notefont=\toks23
\thm@headpunct=\toks24
\thm@preskip=\skip59
\thm@postskip=\skip60
\thm@headsep=\skip61
\dth@everypar=\toks25
) (/usr/share/texlive/texmf-dist/tex/latex/subfigure/subfigure.sty
Package: subfigure 2002/03/15 v2.1.5 subfigure package
\subfigtopskip=\skip62
\subfigcapskip=\skip63
\subfigcaptopadj=\dimen112
\subfigbottomskip=\skip64
\subfigcapmargin=\dimen113
\subfiglabelskip=\skip65
\c@subfigure=\count101
\c@lofdepth=\count102
\c@subtable=\count103
\c@lotdepth=\count104

****************************************
* Local config file subfigure.cfg used *
****************************************
(/usr/share/texlive/texmf-dist/tex/latex/subfigure/subfigure.cfg)
\subfig@top=\skip66
\subfig@bottom=\skip67
) (/usr/share/texlive/texmf-dist/tex/latex/tools/longtable.sty
Package: longtable 2014/10/28 v4.11 Multi-page Table package (DPC)
\LTleft=\skip68
\LTright=\skip69
\LTpre=\skip70
\LTpost=\skip71
\LTchunksize=\count105
\LTcapwidth=\dimen114
\LT@head=\box30
\LT@firsthead=\box31
\LT@foot=\box32
\LT@lastfoot=\box33
\LT@cols=\count106
\LT@rows=\count107
\c@LT@tables=\count108
\c@LT@chunks=\count109
\LT@p@ftn=\toks26
)
Class scrbook Info: longtable captions redefined on input line 6.
 (/usr/share/texlive/texmf-dist/tex/latex/caption/caption.sty
Package: caption 2016/02/21 v3.3-144 Customizing captions (AR)
 (/usr/share/texlive/texmf-dist/tex/latex/caption/caption3.sty
Package: caption3 2016/05/22 v1.7-166 caption3 kernel (AR)
Package caption3 Info: TeX engine: e-TeX on input line 67.
\captionmargin=\dimen115
\captionmargin@=\dimen116
\captionwidth=\dimen117
\caption@tempdima=\dimen118
\caption@indent=\dimen119
\caption@parindent=\dimen120
\caption@hangindent=\dimen121
)
Package caption Info: KOMA-Script document class.
\c@ContinuedFloat=\count110
Package caption Info: longtable package is loaded.
 (/usr/share/texlive/texmf-dist/tex/latex/caption/ltcaption.sty
Package: ltcaption 2013/06/09 v1.4-94 longtable captions (AR)
)
Package caption Info: subfigure package is loaded.
) (/usr/share/texlive/texmf-dist/tex/latex/booktabs/booktabs.sty
Package: booktabs 2016/04/27 v1.618033 publication quality tables
\heavyrulewidth=\dimen122
\lightrulewidth=\dimen123
\cmidrulewidth=\dimen124
\belowrulesep=\dimen125
\belowbottomsep=\dimen126
\aboverulesep=\dimen127
\abovetopsep=\dimen128
\cmidrulesep=\dimen129
\cmidrulekern=\dimen130
\defaultaddspace=\dimen131
\@cmidla=\count111
\@cmidlb=\count112
\@aboverulesep=\dimen132
\@belowrulesep=\dimen133
\@thisruleclass=\count113
\@lastruleclass=\count114
\@thisrulewidth=\dimen134
) (/usr/share/texlive/texmf-dist/tex/latex/graphics/graphicx.sty
Package: graphicx 2017/06/01 v1.1a Enhanced LaTeX Graphics (DPC,SPQR)
 (/usr/share/texlive/texmf-dist/tex/latex/graphics/graphics.sty
Package: graphics 2017/06/25 v1.2c Standard LaTeX Graphics (DPC,SPQR)
 (/usr/share/texlive/texmf-dist/tex/latex/graphics/trig.sty
Package: trig 2016/01/03 v1.10 sin cos tan (DPC)
) (/usr/share/texlive/texmf-dist/tex/latex/graphics-cfg/graphics.cfg
File: graphics.cfg 2016/06/04 v1.11 sample graphics configuration
)
Package graphics Info: Driver file: pdftex.def on input line 99.
 (/usr/share/texlive/texmf-dist/tex/latex/graphics-def/pdftex.def
File: pdftex.def 2018/01/08 v1.0l Graphics/color driver for pdftex
))
\Gin@req@height=\dimen135
\Gin@req@width=\dimen136
) (/usr/share/texlive/texmf-dist/tex/latex/pdfpages/pdfpages.sty
Package: pdfpages 2017/10/31 v0.5l Insert pages of external PDF documents (AM)
 (/usr/share/texlive/texmf-dist/tex/latex/base/ifthen.sty
Package: ifthen 2014/09/29 v1.1c Standard LaTeX ifthen package (DPC)
) (/usr/share/texlive/texmf-dist/tex/latex/tools/calc.sty
Package: calc 2014/10/28 v4.3 Infix arithmetic (KKT,FJ)
\calc@Acount=\count115
\calc@Bcount=\count116
\calc@Adimen=\dimen137
\calc@Bdimen=\dimen138
\calc@Askip=\skip72
\calc@Bskip=\skip73
LaTeX Info: Redefining \setlength on input line 80.
LaTeX Info: Redefining \addtolength on input line 81.
\calc@Ccount=\count117
\calc@Cskip=\skip74
) (/usr/share/texlive/texmf-dist/tex/latex/eso-pic/eso-pic.sty
Package: eso-pic 2015/07/21 v2.0g eso-pic (RN)
 (/usr/share/texlive/texmf-dist/tex/generic/oberdiek/atbegshi.sty
Package: atbegshi 2016/06/09 v1.18 At begin shipout hook (HO)
 (/usr/share/texlive/texmf-dist/tex/generic/oberdiek/infwarerr.sty
Package: infwarerr 2016/05/16 v1.4 Providing info/warning/error messages (HO)
) (/usr/share/texlive/texmf-dist/tex/generic/oberdiek/ltxcmds.sty
Package: ltxcmds 2016/05/16 v1.23 LaTeX kernel commands for general use (HO)
) (/usr/share/texlive/texmf-dist/tex/generic/oberdiek/ifpdf.sty
Package: ifpdf 2017/03/15 v3.2 Provides the ifpdf switch
)) (/usr/share/texlive/texmf-dist/tex/latex/xcolor/xcolor.sty
Package: xcolor 2016/05/11 v2.12 LaTeX color extensions (UK)
 (/usr/share/texlive/texmf-dist/tex/latex/graphics-cfg/color.cfg
File: color.cfg 2016/01/02 v1.6 sample color configuration
)
Package xcolor Info: Driver file: pdftex.def on input line 225.
Package xcolor Info: Model `cmy' substituted by `cmy0' on input line 1348.
Package xcolor Info: Model `hsb' substituted by `rgb' on input line 1352.
Package xcolor Info: Model `RGB' extended on input line 1364.
Package xcolor Info: Model `HTML' substituted by `rgb' on input line 1366.
Package xcolor Info: Model `Hsb' substituted by `hsb' on input line 1367.
Package xcolor Info: Model `tHsb' substituted by `hsb' on input line 1368.
Package xcolor Info: Model `HSB' substituted by `hsb' on input line 1369.
Package xcolor Info: Model `Gray' substituted by `gray' on input line 1370.
Package xcolor Info: Model `wave' substituted by `hsb' on input line 1371.
))
\AM@pagewidth=\dimen139
\AM@pageheight=\dimen140
 (/usr/share/texlive/texmf-dist/tex/latex/pdfpages/pppdftex.def
File: pppdftex.def 2017/10/31 v0.5l Pdfpages driver for pdfTeX (AM)
)
\AM@pagebox=\box34
\AM@global@opts=\toks27
\AM@toc@title=\toks28
\c@AM@survey=\count118
\AM@templatesizebox=\box35
) (/usr/share/texlive/texmf-dist/tex/latex/graphics/rotating.sty
Package: rotating 2016/08/11 v2.16d rotated objects in LaTeX
\c@r@tfl@t=\count119
\rotFPtop=\skip75
\rotFPbot=\skip76
\rot@float@box=\box36
\rot@mess@toks=\toks29
) (/usr/share/texlive/texmf-dist/tex/latex/koma-script/scrlayer-scrpage.sty
Package: scrlayer-scrpage 2017/09/07 v3.24 KOMA-Script package (end user interface for scrlayer)
 (/usr/share/texlive/texmf-dist/tex/latex/koma-script/scrlayer.sty
Package: scrlayer 2017/09/07 v3.24 KOMA-Script package (defining layers and page styles)
Package scrlayer Info: Using already defined \footheight
(scrlayer)             hoping, that this is a length and
(scrlayer)             not only a macro on input line 109.
Package scrlayer Info: patching LaTeX kernel macro \pagestyle on input line 1997.
)
Package scrlayer-scrpage Info: deactivating warning for font element
(scrlayer-scrpage)             `pagefoot' on input line 1247.
)
Package scrlayer-scrpage Info: auto-selection of `pagestyleset=KOMA-Script'.
 (/usr/share/texlive/texmf-dist/tex/latex/psnfss/times.sty
Package: times 2005/04/12 PSNFSS-v9.2a (SPQR) 
) (/usr/share/texlive/texmf-dist/tex/latex/psnfss/helvet.sty
Package: helvet 2005/04/12 PSNFSS-v9.2a (WaS) 
) (/usr/share/texlive/texmf-dist/tex/latex/base/fontenc.sty
Package: fontenc 2017/04/05 v2.0i Standard LaTeX package
 (/usr/share/texlive/texmf-dist/tex/latex/base/t1enc.def
File: t1enc.def 2017/04/05 v2.0i Standard LaTeX file
LaTeX Font Info:    Redeclaring font encoding T1 on input line 48.
)) (/usr/share/texlive/texmf-dist/tex/latex/hyperref/hyperref.sty
Package: hyperref 2018/02/06 v6.86b Hypertext links for LaTeX
 (/usr/share/texlive/texmf-dist/tex/generic/oberdiek/hobsub-hyperref.sty
Package: hobsub-hyperref 2016/05/16 v1.14 Bundle oberdiek, subset hyperref (HO)
 (/usr/share/texlive/texmf-dist/tex/generic/oberdiek/hobsub-generic.sty
Package: hobsub-generic 2016/05/16 v1.14 Bundle oberdiek, subset generic (HO)
Package: hobsub 2016/05/16 v1.14 Construct package bundles (HO)
Package hobsub Info: Skipping package `infwarerr' (already loaded).
Package hobsub Info: Skipping package `ltxcmds' (already loaded).
Package: ifluatex 2016/05/16 v1.4 Provides the ifluatex switch (HO)
Package ifluatex Info: LuaTeX not detected.
Package: ifvtex 2016/05/16 v1.6 Detect VTeX and its facilities (HO)
Package ifvtex Info: VTeX not detected.
Package: intcalc 2016/05/16 v1.2 Expandable calculations with integers (HO)
Package hobsub Info: Skipping package `ifpdf' (already loaded).
Package: etexcmds 2016/05/16 v1.6 Avoid name clashes with e-TeX commands (HO)
Package etexcmds Info: Could not find \expanded.
(etexcmds)             That can mean that you are not using pdfTeX 1.50 or
(etexcmds)             that some package has redefined \expanded.
(etexcmds)             In the latter case, load this package earlier.
Package: kvsetkeys 2016/05/16 v1.17 Key value parser (HO)
Package: kvdefinekeys 2016/05/16 v1.4 Define keys (HO)
Package: pdftexcmds 2018/01/21 v0.26 Utility functions of pdfTeX for LuaTeX (HO)
Package pdftexcmds Info: LuaTeX not detected.
Package pdftexcmds Info: \pdf@primitive is available.
Package pdftexcmds Info: \pdf@ifprimitive is available.
Package pdftexcmds Info: \pdfdraftmode found.
Package: pdfescape 2016/05/16 v1.14 Implements pdfTeX's escape features (HO)
Package: bigintcalc 2016/05/16 v1.4 Expandable calculations on big integers (HO)
Package: bitset 2016/05/16 v1.2 Handle bit-vector datatype (HO)
Package: uniquecounter 2016/05/16 v1.3 Provide unlimited unique counter (HO)
)
Package hobsub Info: Skipping package `hobsub' (already loaded).
Package: letltxmacro 2016/05/16 v1.5 Let assignment for LaTeX macros (HO)
Package: hopatch 2016/05/16 v1.3 Wrapper for package hooks (HO)
Package: xcolor-patch 2016/05/16 xcolor patch
Package: atveryend 2016/05/16 v1.9 Hooks at the very end of document (HO)
Package atveryend Info: \enddocument detected (standard20110627).
Package hobsub Info: Skipping package `atbegshi' (already loaded).
Package: refcount 2016/05/16 v3.5 Data extraction from label references (HO)
Package: hycolor 2016/05/16 v1.8 Color options for hyperref/bookmark (HO)
) (/usr/share/texlive/texmf-dist/tex/generic/ifxetex/ifxetex.sty
Package: ifxetex 2010/09/12 v0.6 Provides ifxetex conditional
) (/usr/share/texlive/texmf-dist/tex/latex/oberdiek/auxhook.sty
Package: auxhook 2016/05/16 v1.4 Hooks for auxiliary files (HO)
) (/usr/share/texlive/texmf-dist/tex/latex/oberdiek/kvoptions.sty
Package: kvoptions 2016/05/16 v3.12 Key value format for package options (HO)
)
\@linkdim=\dimen141
\Hy@linkcounter=\count120
\Hy@pagecounter=\count121
 (/usr/share/texlive/texmf-dist/tex/latex/hyperref/pd1enc.def
File: pd1enc.def 2018/02/06 v6.86b Hyperref: PDFDocEncoding definition (HO)
)
\Hy@SavedSpaceFactor=\count122
 (/usr/share/texlive/texmf-dist/tex/latex/latexconfig/hyperref.cfg
File: hyperref.cfg 2002/06/06 v1.2 hyperref configuration of TeXLive
)
Package hyperref Info: Option `bookmarks' set `true' on input line 4383.
Package hyperref Info: Option `bookmarksopen' set `true' on input line 4383.
Package hyperref Info: Option `bookmarksnumbered' set `true' on input line 4383.
Package hyperref Info: Option `colorlinks' set `true' on input line 4383.
Package hyperref Info: Option `breaklinks' set `true' on input line 4383.
Package hyperref Info: Option `pageanchor' set `true' on input line 4383.
Package hyperref Info: Option `plainpages' set `false' on input line 4383.
Package hyperref Info: Option `pdfpagelabels' set `true' on input line 4383.
Package hyperref Info: Hyper figures OFF on input line 4509.
Package hyperref Info: Link nesting OFF on input line 4514.
Package hyperref Info: Hyper index ON on input line 4517.
Package hyperref Info: Plain pages OFF on input line 4524.
Package hyperref Info: Backreferencing OFF on input line 4529.
Package hyperref Info: Implicit mode ON; LaTeX internals redefined.
Package hyperref Info: Bookmarks ON on input line 4762.
\c@Hy@tempcnt=\count123
 (/usr/share/texlive/texmf-dist/tex/latex/url/url.sty
\Urlmuskip=\muskip11
Package: url 2013/09/16  ver 3.4  Verb mode for urls, etc.
)
LaTeX Info: Redefining \url on input line 5115.
\XeTeXLinkMargin=\dimen142
\Fld@menulength=\count124
\Field@Width=\dimen143
\Fld@charsize=\dimen144
Package hyperref Info: Hyper figures OFF on input line 6369.
Package hyperref Info: Link nesting OFF on input line 6374.
Package hyperref Info: Hyper index ON on input line 6377.
Package hyperref Info: backreferencing OFF on input line 6384.
Package hyperref Info: Link coloring ON on input line 6387.
Package hyperref Info: Link coloring with OCG OFF on input line 6394.
Package hyperref Info: PDF/A mode OFF on input line 6399.
LaTeX Info: Redefining \ref on input line 6439.
LaTeX Info: Redefining \pageref on input line 6443.
\Hy@abspage=\count125
\c@Item=\count126
\c@Hfootnote=\count127
)
Package hyperref Info: Driver: hpdftex.
 (/usr/share/texlive/texmf-dist/tex/latex/hyperref/hpdftex.def
File: hpdftex.def 2018/02/06 v6.86b Hyperref driver for pdfTeX
\Fld@listcount=\count128
\c@bookmark@seq@number=\count129
 (/usr/share/texlive/texmf-dist/tex/latex/oberdiek/rerunfilecheck.sty
Package: rerunfilecheck 2016/05/16 v1.8 Rerun checks for auxiliary files (HO)
Package uniquecounter Info: New unique counter `rerunfilecheck' on input line 282.
)
\Hy@SectionHShift=\skip77
) (/media/francesca/DATA/Report/preamble.tex
\c@localFigure=\count130
\c@localTable=\count131
) (/media/francesca/DATA/Report/thesis.aux (/media/francesca/DATA/Report/abstract.aux) (/media/francesca/DATA/Report/ch01-introduction.aux) (/media/francesca/DATA/Report/ch02-related-work.aux) (/media/francesca/DATA/Report/ch03-more-chapters.aux

LaTeX Warning: Label `fig: dataset_examples' multiply defined.

))
\openout1 = `thesis.aux'.

LaTeX Font Info:    Checking defaults for OML/cmm/m/it on input line 81.
LaTeX Font Info:    ... okay on input line 81.
LaTeX Font Info:    Checking defaults for T1/cmr/m/n on input line 81.
LaTeX Font Info:    ... okay on input line 81.
LaTeX Font Info:    Checking defaults for OT1/cmr/m/n on input line 81.
LaTeX Font Info:    ... okay on input line 81.
LaTeX Font Info:    Checking defaults for OMS/cmsy/m/n on input line 81.
LaTeX Font Info:    ... okay on input line 81.
LaTeX Font Info:    Checking defaults for OMX/cmex/m/n on input line 81.
LaTeX Font Info:    ... okay on input line 81.
LaTeX Font Info:    Checking defaults for U/cmr/m/n on input line 81.
LaTeX Font Info:    ... okay on input line 81.
LaTeX Font Info:    Checking defaults for PD1/pdf/m/n on input line 81.
LaTeX Font Info:    ... okay on input line 81.
LaTeX Font Info:    Try loading font information for T1+ptm on input line 81.
 (/usr/share/texlive/texmf-dist/tex/latex/psnfss/t1ptm.fd
File: t1ptm.fd 2001/06/04 font definitions for T1/ptm.
)
Package caption Info: Begin \AtBeginDocument code.
Package caption Info: hyperref package is loaded.
Package caption Info: rotating package is loaded.
Package caption Info: End \AtBeginDocument code.
 (/usr/share/texlive/texmf-dist/tex/context/base/mkii/supp-pdf.mkii
[Loading MPS to PDF converter (version 2006.09.02).]
\scratchcounter=\count132
\scratchdimen=\dimen145
\scratchbox=\box37
\nofMPsegments=\count133
\nofMParguments=\count134
\everyMPshowfont=\toks30
\MPscratchCnt=\count135
\MPscratchDim=\dimen146
\MPnumerator=\count136
\makeMPintoPDFobject=\count137
\everyMPtoPDFconversion=\toks31
) (/usr/share/texlive/texmf-dist/tex/latex/oberdiek/epstopdf-base.sty
Package: epstopdf-base 2016/05/15 v2.6 Base part for package epstopdf
 (/usr/share/texlive/texmf-dist/tex/latex/oberdiek/grfext.sty
Package: grfext 2016/05/16 v1.2 Manage graphics extensions (HO)
)
Package epstopdf-base Info: Redefining graphics rule for `.eps' on input line 438.
Package grfext Info: Graphics extension search list:
(grfext)             [.pdf,.png,.eps]
(grfext)             \AppendGraphicsExtensions on input line 456.
 (/usr/share/texlive/texmf-dist/tex/latex/latexconfig/epstopdf-sys.cfg
File: epstopdf-sys.cfg 2010/07/13 v1.3 Configuration of (r)epstopdf for TeX Live
))
\AtBeginShipoutBox=\box38
 (/usr/share/texlive/texmf-dist/tex/latex/oberdiek/pdflscape.sty
Package: pdflscape 2016/05/14 v0.11 Display of landscape pages in PDF (HO)
 (/usr/share/texlive/texmf-dist/tex/latex/graphics/lscape.sty
Package: lscape 2000/10/22 v3.01 Landscape Pages (DPC)
)
Package pdflscape Info: Auto-detected driver: pdftex on input line 81.
)
Package hyperref Info: Link coloring ON on input line 81.
 (/usr/share/texlive/texmf-dist/tex/latex/hyperref/nameref.sty
Package: nameref 2016/05/21 v2.44 Cross-referencing by name of section
 (/usr/share/texlive/texmf-dist/tex/generic/oberdiek/gettitlestring.sty
Package: gettitlestring 2016/05/16 v1.5 Cleanup title references (HO)
)
\c@section@level=\count138
)
LaTeX Info: Redefining \ref on input line 81.
LaTeX Info: Redefining \pageref on input line 81.
LaTeX Info: Redefining \nameref on input line 81.
 (/media/francesca/DATA/Report/thesis.out) (/media/francesca/DATA/Report/thesis.out)
\@outlinefile=\write3
\openout3 = `thesis.out'.

 (/media/francesca/DATA/Report/studchapter.tex)
Package hyperref Info: Option `pageanchor' set `false' on input line 102.
LaTeX Font Info:    Font shape `T1/ptm/bx/n' in size <24.88> not available
(Font)              Font shape `T1/ptm/b/n' tried instead on input line 120.
LaTeX Font Info:    Try loading font information for T1+phv on input line 120.
 (/usr/share/texlive/texmf-dist/tex/latex/psnfss/t1phv.fd
File: t1phv.fd 2001/06/04 scalable font definitions for T1/phv.
)
LaTeX Font Info:    Font shape `T1/phv/bx/n' in size <24.88> not available
(Font)              Font shape `T1/phv/b/n' tried instead on input line 120.
<figures/ETH_logo.pdf, id=63, 8816.1872pt x 2366.8425pt>
File: figures/ETH_logo.pdf Graphic file (type pdf)
<use figures/ETH_logo.pdf>
Package pdftex.def Info: figures/ETH_logo.pdf  used on input line 134.
(pdftex.def)             Requested size: 136.59175pt x 36.65678pt.
<figures/CGL_logo.pdf, id=65, 426.7935pt x 142.26149pt>
File: figures/CGL_logo.pdf Graphic file (type pdf)
<use figures/CGL_logo.pdf>
Package pdftex.def Info: figures/CGL_logo.pdf  used on input line 135.
(pdftex.def)             Requested size: 136.59175pt x 45.52893pt.
 [1



{/var/lib/texmf/fonts/map/pdftex/updmap/pdftex.map} </media/francesca/DATA/Report/figures/ETH_logo.pdf> </media/francesca/DATA/Report/figures/CGL_logo.pdf>] [2


]
Package hyperref Info: Option `pageanchor' set `true' on input line 141.
\openout2 = `abstract.aux'.

 (/media/francesca/DATA/Report/abstract.tex
LaTeX Font Info:    Font shape `T1/phv/bx/n' in size <12> not available
(Font)              Font shape `T1/phv/b/n' tried instead on input line 1.
)
LaTeX Font Info:    Try loading font information for U+msa on input line 145.
 (/usr/share/texlive/texmf-dist/tex/latex/amsfonts/umsa.fd
File: umsa.fd 2013/01/14 v3.01 AMS symbols A
)
LaTeX Font Info:    Try loading font information for U+msb on input line 145.
 (/usr/share/texlive/texmf-dist/tex/latex/amsfonts/umsb.fd
File: umsb.fd 2013/01/14 v3.01 AMS symbols B
) [1



] [2



] (/media/francesca/DATA/Report/thesis.toc)
\tf@toc=\write4
\openout4 = `thesis.toc'.

 [3




] [4


] (/media/francesca/DATA/Report/thesis.lof
Overfull \hbox (2.32747pt too wide) in paragraph at lines 6--6
 [][] [][][]\T1/ptm/m/n/12 (a) Dis-tri-bu-tion of the er-rors be-tween the tri-an-gu-lated pro-jected point and ground 
 []

)
\tf@lof=\write5
\openout5 = `thesis.lof'.

 [5


] [6


] (/media/francesca/DATA/Report/thesis.lot)
\tf@lot=\write6
\openout6 = `thesis.lot'.

 [7


] [8


]
\openout2 = `ch01-introduction.aux'.

 (/media/francesca/DATA/Report/ch01-introduction.tex
chapter 1.

Overfull \hbox (6.29674pt too wide) in paragraph at lines 31--33
[]\T1/ptm/m/n/12 s. First, col-lect-ing ac-cu-rate 3D pose an-no-ta-tion for RGB im-ages is ex-pen-sive and time-consuming 
 []

)
LaTeX Font Info:    Font shape `T1/phv/bx/n' in size <100> not available
(Font)              Font shape `T1/phv/b/n' tried instead on input line 174.


Package scrlayer-scrpage Warning: \headheight to low.
(scrlayer-scrpage)                At least 478.18732pt needed,
(scrlayer-scrpage)                but only 18.125pt found.
(scrlayer-scrpage)                I'll enlarge \headheight, for further
(scrlayer-scrpage)                processing, but you should do this yourself,
(scrlayer-scrpage)                e.g., setting typearea's option
(scrlayer-scrpage)                `headheight=478.18732pt'.
(scrlayer-scrpage)                I'll also decrease \topmargin on input line 174.


Overfull \vbox (460.06232pt too high) has occurred while \output is active []

 [1



]
\openout2 = `ch02-related-work.aux'.

 (/media/francesca/DATA/Report/ch02-related-work.tex [2




]
chapter 2.
LaTeX Font Info:    Font shape `T1/phv/bx/n' in size <17.28> not available
(Font)              Font shape `T1/phv/b/n' tried instead on input line 10.
LaTeX Font Info:    Font shape `T1/phv/bx/n' in size <14.4> not available
(Font)              Font shape `T1/phv/b/n' tried instead on input line 14.
) [3]
\openout2 = `ch03-more-chapters.aux'.

 (/media/francesca/DATA/Report/ch03-more-chapters.tex [4




]
chapter 3.
LaTeX Font Info:    Font shape `T1/ptm/bx/n' in size <12> not available
(Font)              Font shape `T1/ptm/b/n' tried instead on input line 5.

LaTeX Warning: Reference `section: unsupervised training' on page 5 undefined on input line 5.

<figures/dataset_images/frame000040.jpg, id=196, 1084.05pt x 1927.2pt>
File: figures/dataset_images/frame000040.jpg Graphic file (type jpg)
<use figures/dataset_images/frame000040.jpg>
Package pdftex.def Info: figures/dataset_images/frame000040.jpg  used on input line 17.
(pdftex.def)             Requested size: 85.13971pt x 151.35611pt.
<figures/dataset_images/deeplab_000040.jpg, id=197, 1084.05pt x 1927.2pt>
File: figures/dataset_images/deeplab_000040.jpg Graphic file (type jpg)
<use figures/dataset_images/deeplab_000040.jpg>
Package pdftex.def Info: figures/dataset_images/deeplab_000040.jpg  used on input line 18.
(pdftex.def)             Requested size: 85.13971pt x 151.35611pt.
<figures/dataset_images/in_range_000040.jpg, id=198, 1084.05pt x 1927.2pt>
File: figures/dataset_images/in_range_000040.jpg Graphic file (type jpg)
<use figures/dataset_images/in_range_000040.jpg>
Package pdftex.def Info: figures/dataset_images/in_range_000040.jpg  used on input line 19.
(pdftex.def)             Requested size: 85.13971pt x 151.35611pt.
<figures/dataset_images/combined_000040.jpg, id=199, 1084.05pt x 1927.2pt>
File: figures/dataset_images/combined_000040.jpg Graphic file (type jpg)
<use figures/dataset_images/combined_000040.jpg>
Package pdftex.def Info: figures/dataset_images/combined_000040.jpg  used on input line 20.
(pdftex.def)             Requested size: 85.13971pt x 151.35611pt.
LaTeX Font Info:    Font shape `T1/ptm/bx/sl' in size <10.95> not available
(Font)              Font shape `T1/ptm/b/sl' tried instead on input line 27.
[5]
<figures/dataset_images/Dominik_blue_jacket.jpg, id=206, 1084.05pt x 1084.05pt>
File: figures/dataset_images/Dominik_blue_jacket.jpg Graphic file (type jpg)
<use figures/dataset_images/Dominik_blue_jacket.jpg>
Package pdftex.def Info: figures/dataset_images/Dominik_blue_jacket.jpg  used on input line 37.
(pdftex.def)             Requested size: 85.13971pt x 85.1378pt.
<figures/dataset_images/Dominik_red_pants.jpg, id=207, 1084.05pt x 1084.05pt>
File: figures/dataset_images/Dominik_red_pants.jpg Graphic file (type jpg)
<use figures/dataset_images/Dominik_red_pants.jpg>
Package pdftex.def Info: figures/dataset_images/Dominik_red_pants.jpg  used on input line 38.
(pdftex.def)             Requested size: 85.13971pt x 85.1378pt.
<figures/dataset_images/Dominik_green_pants_black_shirt_01.jpg, id=208, 1084.05pt x 1084.05pt>
File: figures/dataset_images/Dominik_green_pants_black_shirt_01.jpg Graphic file (type jpg)
<use figures/dataset_images/Dominik_green_pants_black_shirt_01.jpg>
Package pdftex.def Info: figures/dataset_images/Dominik_green_pants_black_shirt_01.jpg  used on input line 39.
(pdftex.def)             Requested size: 85.13971pt x 85.1378pt.
<figures/dataset_images/Dominik_green_pants_red_jacket.jpg, id=209, 1084.05pt x 1084.05pt>
File: figures/dataset_images/Dominik_green_pants_red_jacket.jpg Graphic file (type jpg)
<use figures/dataset_images/Dominik_green_pants_red_jacket.jpg>
Package pdftex.def Info: figures/dataset_images/Dominik_green_pants_red_jacket.jpg  used on input line 40.
(pdftex.def)             Requested size: 85.13971pt x 85.1378pt.
<figures/dataset_images/dominik_green_cloth_shorts_phone1.jpg, id=210, 1084.05pt x 1927.2pt>
File: figures/dataset_images/dominik_green_cloth_shorts_phone1.jpg Graphic file (type jpg)
<use figures/dataset_images/dominik_green_cloth_shorts_phone1.jpg>
Package pdftex.def Info: figures/dataset_images/dominik_green_cloth_shorts_phone1.jpg  used on input line 44.
(pdftex.def)             Requested size: 85.13971pt x 151.35611pt.
<figures/dataset_images/dominik_green_cloth_shorts_phone2.jpg, id=211, 1084.05pt x 1927.2pt>
File: figures/dataset_images/dominik_green_cloth_shorts_phone2.jpg Graphic file (type jpg)
<use figures/dataset_images/dominik_green_cloth_shorts_phone2.jpg>
Package pdftex.def Info: figures/dataset_images/dominik_green_cloth_shorts_phone2.jpg  used on input line 45.
(pdftex.def)             Requested size: 85.13971pt x 151.35611pt.
<figures/dataset_images/dominik_stairs_cloth_yellow_phone1.jpg, id=212, 1084.05pt x 1927.2pt>
File: figures/dataset_images/dominik_stairs_cloth_yellow_phone1.jpg Graphic file (type jpg)
<use figures/dataset_images/dominik_stairs_cloth_yellow_phone1.jpg>
Package pdftex.def Info: figures/dataset_images/dominik_stairs_cloth_yellow_phone1.jpg  used on input line 46.
(pdftex.def)             Requested size: 85.13971pt x 151.35611pt.
<figures/dataset_images/dominik_office_cloth_yellow_phone2.jpg, id=213, 1084.05pt x 1927.2pt>
File: figures/dataset_images/dominik_office_cloth_yellow_phone2.jpg Graphic file (type jpg)
<use figures/dataset_images/dominik_office_cloth_yellow_phone2.jpg>
Package pdftex.def Info: figures/dataset_images/dominik_office_cloth_yellow_phone2.jpg  used on input line 47.
(pdftex.def)             Requested size: 85.13971pt x 151.35611pt.
<figures/dataset_images/mattia_green_cloth_short_phone1.jpg, id=214, 1084.05pt x 1927.2pt>
File: figures/dataset_images/mattia_green_cloth_short_phone1.jpg Graphic file (type jpg)
<use figures/dataset_images/mattia_green_cloth_short_phone1.jpg>
Package pdftex.def Info: figures/dataset_images/mattia_green_cloth_short_phone1.jpg  used on input line 50.
(pdftex.def)             Requested size: 85.13971pt x 151.35611pt.
<figures/dataset_images/francesca_green_cloth_red_phone1.jpg, id=215, 1084.05pt x 1927.2pt>
File: figures/dataset_images/francesca_green_cloth_red_phone1.jpg Graphic file (type jpg)
<use figures/dataset_images/francesca_green_cloth_red_phone1.jpg>
Package pdftex.def Info: figures/dataset_images/francesca_green_cloth_red_phone1.jpg  used on input line 51.
(pdftex.def)             Requested size: 85.13971pt x 151.35611pt.
<figures/dataset_images/martin_cubard_cloth_red_phone2.jpg, id=216, 1084.05pt x 1927.2pt>
File: figures/dataset_images/martin_cubard_cloth_red_phone2.jpg Graphic file (type jpg)
<use figures/dataset_images/martin_cubard_cloth_red_phone2.jpg>
Package pdftex.def Info: figures/dataset_images/martin_cubard_cloth_red_phone2.jpg  used on input line 52.
(pdftex.def)             Requested size: 85.13971pt x 151.35611pt.
<figures/dataset_images/francesca_office_cloth_blue_phone2.jpg, id=217, 1084.05pt x 1927.2pt>
File: figures/dataset_images/francesca_office_cloth_blue_phone2.jpg Graphic file (type jpg)
<use figures/dataset_images/francesca_office_cloth_blue_phone2.jpg>
Package pdftex.def Info: figures/dataset_images/francesca_office_cloth_blue_phone2.jpg  used on input line 53.
(pdftex.def)             Requested size: 85.13971pt x 151.35611pt.
LaTeX Font Info:    Try loading font information for OMS+ptm on input line 66.
 (/usr/share/texlive/texmf-dist/tex/latex/psnfss/omsptm.fd
File: omsptm.fd 
)
LaTeX Font Info:    Font shape `OMS/ptm/m/n' in size <12> not available
(Font)              Font shape `OMS/cmsy/m/n' tried instead on input line 66.
<figures/hist_diff_to_handlabel.png, id=218, 642.4pt x 481.8pt>
File: figures/hist_diff_to_handlabel.png Graphic file (type png)
<use figures/hist_diff_to_handlabel.png>
Package pdftex.def Info: figures/hist_diff_to_handlabel.png  used on input line 96.
(pdftex.def)             Requested size: 295.63501pt x 221.73146pt.
<figures/dominik_office_cloth_yellow_phone2_40.jpg, id=219, 588.1975pt x 1048.91875pt>
File: figures/dominik_office_cloth_yellow_phone2_40.jpg Graphic file (type jpg)
<use figures/dominik_office_cloth_yellow_phone2_40.jpg>
Package pdftex.def Info: figures/dominik_office_cloth_yellow_phone2_40.jpg  used on input line 97.
(pdftex.def)             Requested size: 124.33289pt x 221.73146pt.

Underfull \vbox (badness 1960) has occurred while \output is active []

 [6 </media/francesca/DATA/Report/figures/dataset_images/frame000040.jpg> </media/francesca/DATA/Report/figures/dataset_images/deeplab_000040.jpg> </media/francesca/DATA/Report/figures/dataset_images/in_range_000040.jpg> </media/francesca/DATA/Report/figures/dataset_images/combined_000040.jpg>] [7 </media/francesca/DATA/Report/figures/dataset_images/Dominik_blue_jacket.jpg> </media/francesca/DATA/Report/figures/dataset_images/Dominik_red_pants.jpg> </media/francesca/DATA/Report/figures/dataset_images/Dominik_green_pants_black_shirt_01.jpg> </media/francesca/DATA/Report/figures/dataset_images/Dominik_green_pants_red_jacket.jpg> </media/francesca/DATA/Report/figures/dataset_images/dominik_green_cloth_shorts_phone1.jpg> </media/francesca/DATA/Report/figures/dataset_images/dominik_green_cloth_shorts_phone2.jpg> </media/francesca/DATA/Report/figures/dataset_images/dominik_stairs_cloth_yellow_phone1.jpg> </media/francesca/DATA/Report/figures/dataset_images/dominik_office_cloth_yellow_phone2.jpg> </media/francesca/DATA/Report/figures/dataset_images/mattia_green_cloth_short_phone1.jpg> </media/francesca/DATA/Report/figures/dataset_images/francesca_green_cloth_red_phone1.jpg> </media/francesca/DATA/Report/figures/dataset_images/martin_cubard_cloth_red_phone2.jpg> </media/francesca/DATA/Report/figures/dataset_images/francesca_office_cloth_blue_phone2.jpg>]
<figures/IgeaNarrowBand.png, id=234, 752.8125pt x 577.40718pt>
File: figures/IgeaNarrowBand.png Graphic file (type png)
<use figures/IgeaNarrowBand.png>
Package pdftex.def Info: figures/IgeaNarrowBand.png  used on input line 134.
(pdftex.def)             Requested size: 221.73146pt x 170.06932pt.
<figures/voldiff_ui.png, id=235, 1015.795pt x 707.64375pt>
File: figures/voldiff_ui.png Graphic file (type png)
<use figures/voldiff_ui.png>
Package pdftex.def Info: figures/voldiff_ui.png  used on input line 135.
(pdftex.def)             Requested size: 221.73146pt x 154.46196pt.
File: figures/IgeaNarrowBand.png Graphic file (type png)
<use figures/IgeaNarrowBand.png>
Package pdftex.def Info: figures/IgeaNarrowBand.png  used on input line 151.
(pdftex.def)             Requested size: 136.59175pt x 104.76581pt.
File: figures/voldiff_ui.png Graphic file (type png)
<use figures/voldiff_ui.png>
Package pdftex.def Info: figures/voldiff_ui.png  used on input line 152.
(pdftex.def)             Requested size: 136.59175pt x 95.14986pt.
) [8 </media/francesca/DATA/Report/figures/hist_diff_to_handlabel.png (PNG copy)> </media/francesca/DATA/Report/figures/dominik_office_cloth_yellow_phone2_40.jpg>] [9 </media/francesca/DATA/Report/figures/IgeaNarrowBand.png> </media/francesca/DATA/Report/figures/voldiff_ui.png>] [10] (/media/francesca/DATA/Report/thesis.bbl [11





])
Package atveryend Info: Empty hook `BeforeClearDocument' on input line 196.
 [12]
Package atveryend Info: Empty hook `AfterLastShipout' on input line 196.
 (/media/francesca/DATA/Report/thesis.aux (/media/francesca/DATA/Report/abstract.aux) (/media/francesca/DATA/Report/ch01-introduction.aux) (/media/francesca/DATA/Report/ch02-related-work.aux) (/media/francesca/DATA/Report/ch03-more-chapters.aux))
Package atveryend Info: Executing hook `AtVeryEndDocument' on input line 196.
Package atveryend Info: Executing hook `AtEndAfterFileList' on input line 196.
Package rerunfilecheck Info: File `thesis.out' has not changed.
(rerunfilecheck)             Checksum: 82AA1E02C1C5348C22B753911DC2FE00;947.


LaTeX Warning: There were undefined references.


LaTeX Warning: There were multiply-defined labels.

Package atveryend Info: Empty hook `AtVeryVeryEnd' on input line 196.
 ) 
Here is how much of TeX's memory you used:
 13566 strings out of 494923
 266778 string characters out of 6180742
 429173 words of memory out of 5000000
 16574 multiletter control sequences out of 15000+600000
 62705 words of font info for 70 fonts, out of 8000000 for 9000
 14 hyphenation exceptions out of 8191
 51i,37n,74p,8846b,663s stack positions out of 5000i,500n,10000p,200000b,80000s
{/usr/share/texlive/texmf-dist/fonts/enc/dvips/base/8r.enc}</usr/share/texlive/texmf-dist/fonts/type1/public/amsfonts/cm/cmr8.pfb></usr/share/texlive/texmf-dist/fonts/type1/public/amsfonts/cm/cmsy10.pfb></usr/share/texlive/texmf-dist/fonts/type1/urw/helvetic/uhvb8a.pfb></usr/share/texlive/texmf-dist/fonts/type1/urw/helvetic/uhvr8a.pfb></usr/share/texlive/texmf-dist/fonts/type1/urw/times/utmb8a.pfb></usr/share/texlive/texmf-dist/fonts/type1/urw/times/utmb8a.pfb></usr/share/texlive/texmf-dist/fonts/type1/urw/times/utmr8a.pfb></usr/share/texlive/texmf-dist/fonts/type1/urw/times/utmr8a.pfb></usr/share/texlive/texmf-dist/fonts/type1/urw/times/utmri8a.pfb>
Output written on /media/francesca/DATA/Report/thesis.pdf (22 pages, 4205056 bytes).
PDF statistics:
 313 PDF objects out of 1000 (max. 8388607)
 251 compressed objects within 3 object streams
 57 named destinations out of 1000 (max. 500000)
 243 words of extra memory for PDF output out of 10000 (max. 10000000)

